INFO:     Will watch for changes in these directories: ['/Users/atul/Desktop/01 Projects/Programming/nutrikart/backend/search-and-barcode']
INFO:     Uvicorn running on http://127.0.0.1:8000 (Press CTRL+C to quit)
INFO:     Started reloader process [11626] using StatReload
INFO:     Started server process [11669]
INFO:     Waiting for application startup.
INFO:     Application startup complete.
INFO:     127.0.0.1:53653 - "GET /search?query=chocolate HTTP/1.1" 200 OK
INFO:     127.0.0.1:53662 - "GET /search?query=corneto HTTP/1.1" 200 OK
INFO:     127.0.0.1:53663 - "GET /search?query=vadilal HTTP/1.1" 200 OK
INFO:     127.0.0.1:53833 - "GET /search?query=chocolate HTTP/1.1" 200 OK
INFO:     127.0.0.1:53841 - "GET /search?query=dark-fantasy HTTP/1.1" 200 OK
INFO:     127.0.0.1:53843 - "GET /search?query=dark%20fantasy HTTP/1.1" 200 OK
WARNING:  StatReload detected changes in 'queary.py'. Reloading...
INFO:     Shutting down
INFO:     Waiting for application shutdown.
INFO:     Application shutdown complete.
INFO:     Finished server process [11669]
INFO:     Started server process [13652]
INFO:     Waiting for application startup.
INFO:     Application startup complete.
INFO:     127.0.0.1:54627 - "GET /search?query=chocolate&limit=3 HTTP/1.1" 200 OK
INFO:     127.0.0.1:54629 - "GET /product/3046920029759 HTTP/1.1" 200 OK
INFO:     127.0.0.1:54653 - "GET /search?query=chocolate&limit=3 HTTP/1.1" 200 OK
WARNING:  StatReload detected changes in 'queary.py'. Reloading...
INFO:     Shutting down
INFO:     Waiting for application shutdown.
INFO:     Application shutdown complete.
INFO:     Finished server process [13652]
INFO:     Started server process [14475]
INFO:     Waiting for application startup.
INFO:     Application startup complete.
INFO:     127.0.0.1:54785 - "POST /scan HTTP/1.1" 200 OK
INFO:     127.0.0.1:55221 - "GET / HTTP/1.1" 404 Not Found
WARNING:  StatReload detected changes in '.venv/lib/python3.12/site-packages/pip/__init__.py'. Reloading...
INFO:     Shutting down
INFO:     Waiting for application shutdown.
INFO:     Application shutdown complete.
INFO:     Finished server process [14475]
Fatal Python error: init_sys_streams: can't initialize sys standard streams
Python runtime state: core initialized
OSError: [Errno 9] Bad file descriptor

Current thread 0x00000001fd058800 (most recent call first):
  <no Python frame>
WARNING:  StatReload detected changes in 'tests/test_health.py'. Reloading...
Fatal Python error: init_sys_streams: can't initialize sys standard streams
Python runtime state: core initialized
OSError: [Errno 9] Bad file descriptor

Current thread 0x00000001fd058800 (most recent call first):
  <no Python frame>
WARNING:  StatReload detected changes in 'tests/test_health.py'. Reloading...
Fatal Python error: init_sys_streams: can't initialize sys standard streams
Python runtime state: core initialized
OSError: [Errno 9] Bad file descriptor

Current thread 0x00000001fd058800 (most recent call first):
  <no Python frame>
WARNING:  StatReload detected changes in 'tests/test_health.py'. Reloading...
Fatal Python error: init_sys_streams: can't initialize sys standard streams
Python runtime state: core initialized
OSError: [Errno 9] Bad file descriptor

Current thread 0x00000001fd058800 (most recent call first):
  <no Python frame>
WARNING:  StatReload detected changes in 'tests/test_health.py'. Reloading...
Fatal Python error: init_sys_streams: can't initialize sys standard streams
Python runtime state: core initialized
OSError: [Errno 9] Bad file descriptor

Current thread 0x00000001fd058800 (most recent call first):
  <no Python frame>
